<?xml version="1.0" encoding="UTF-8"?>
<!-- Generated by org.testng.reporters.JUnitXMLReporter -->
<testsuite hostname="jenkins.dev.ecm" name="TC_PAM_92_HF07HeaderFooterSuggestiveSearch" tests="1" failures="1" timestamp="16 Feb 2015 11:56:42 GMT" time="64.314" errors="0">
  <testcase name="TC_PAM_92_HF07HeaderFooterSuggestiveSearch" time="3.584" classname="com.ecm.webautomation.pret.tests.HomePageTestCases">
    <failure type="java.lang.AssertionError" message="Suggestion Box is not Displaying expected [true] but found [false]">
      <![CDATA[java.lang.AssertionError: Suggestion Box is not Displaying expected [true] but found [false]
	at com.ecm.webautomation.pret.tests.HomePageTestCases.TC_PAM_92_HF07HeaderFooterSuggestiveSearch(HomePageTestCases.java:94)
	at java.util.concurrent.FutureTask$Sync.innerRun(FutureTask.java:334)
	at java.util.concurrent.FutureTask.run(FutureTask.java:166)
	at java.util.concurrent.ThreadPoolExecutor.runWorker(ThreadPoolExecutor.java:1110)
	at java.util.concurrent.ThreadPoolExecutor$Worker.run(ThreadPoolExecutor.java:603)
	at java.lang.Thread.run(Thread.java:722)
... Removed 19 stack frames]]>
    </failure>
  </testcase> <!-- TC_PAM_92_HF07HeaderFooterSuggestiveSearch -->
</testsuite> <!-- TC_PAM_92_HF07HeaderFooterSuggestiveSearch -->
